<?xml version="1.0" encoding="UTF-8"?>
<testsuite xmlns:xsi="http://www.w3.org/2001/XMLSchema-instance" xsi:noNamespaceSchemaLocation="https://maven.apache.org/surefire/maven-surefire-plugin/xsd/surefire-test-report.xsd" name="com.elastic.poc.AppTest" time="2.087" tests="1" errors="0" skipped="0" failures="0">
  <properties>
    <property name="awt.toolkit" value="sun.awt.X11.XToolkit"/>
    <property name="java.specification.version" value="11"/>
    <property name="sun.cpu.isalist" value=""/>
    <property name="sun.jnu.encoding" value="UTF-8"/>
    <property name="java.class.path" value="/mnt/c/Users/lowva/Documents/variosnadas/senseup/poc/elastic/target/test-classes:/mnt/c/Users/lowva/Documents/variosnadas/senseup/poc/elastic/target/classes:/home/daciosb/.m2/repository/junit/junit/4.11/junit-4.11.jar:/home/daciosb/.m2/repository/org/hamcrest/hamcrest-core/1.3/hamcrest-core-1.3.jar:/home/daciosb/.m2/repository/org/elasticsearch/elasticsearch/7.12.0/elasticsearch-7.12.0.jar:/home/daciosb/.m2/repository/org/elasticsearch/elasticsearch-core/7.12.0/elasticsearch-core-7.12.0.jar:/home/daciosb/.m2/repository/org/elasticsearch/elasticsearch-secure-sm/7.12.0/elasticsearch-secure-sm-7.12.0.jar:/home/daciosb/.m2/repository/org/elasticsearch/elasticsearch-x-content/7.12.0/elasticsearch-x-content-7.12.0.jar:/home/daciosb/.m2/repository/org/yaml/snakeyaml/1.26/snakeyaml-1.26.jar:/home/daciosb/.m2/repository/com/fasterxml/jackson/core/jackson-core/2.10.4/jackson-core-2.10.4.jar:/home/daciosb/.m2/repository/com/fasterxml/jackson/dataformat/jackson-dataformat-smile/2.10.4/jackson-dataformat-smile-2.10.4.jar:/home/daciosb/.m2/repository/com/fasterxml/jackson/dataformat/jackson-dataformat-yaml/2.10.4/jackson-dataformat-yaml-2.10.4.jar:/home/daciosb/.m2/repository/com/fasterxml/jackson/dataformat/jackson-dataformat-cbor/2.10.4/jackson-dataformat-cbor-2.10.4.jar:/home/daciosb/.m2/repository/org/elasticsearch/elasticsearch-geo/7.12.0/elasticsearch-geo-7.12.0.jar:/home/daciosb/.m2/repository/org/apache/lucene/lucene-core/8.8.0/lucene-core-8.8.0.jar:/home/daciosb/.m2/repository/org/apache/lucene/lucene-analyzers-common/8.8.0/lucene-analyzers-common-8.8.0.jar:/home/daciosb/.m2/repository/org/apache/lucene/lucene-backward-codecs/8.8.0/lucene-backward-codecs-8.8.0.jar:/home/daciosb/.m2/repository/org/apache/lucene/lucene-grouping/8.8.0/lucene-grouping-8.8.0.jar:/home/daciosb/.m2/repository/org/apache/lucene/lucene-highlighter/8.8.0/lucene-highlighter-8.8.0.jar:/home/daciosb/.m2/repository/org/apache/lucene/lucene-join/8.8.0/lucene-join-8.8.0.jar:/home/daciosb/.m2/repository/org/apache/lucene/lucene-memory/8.8.0/lucene-memory-8.8.0.jar:/home/daciosb/.m2/repository/org/apache/lucene/lucene-misc/8.8.0/lucene-misc-8.8.0.jar:/home/daciosb/.m2/repository/org/apache/lucene/lucene-queries/8.8.0/lucene-queries-8.8.0.jar:/home/daciosb/.m2/repository/org/apache/lucene/lucene-queryparser/8.8.0/lucene-queryparser-8.8.0.jar:/home/daciosb/.m2/repository/org/apache/lucene/lucene-sandbox/8.8.0/lucene-sandbox-8.8.0.jar:/home/daciosb/.m2/repository/org/apache/lucene/lucene-spatial-extras/8.8.0/lucene-spatial-extras-8.8.0.jar:/home/daciosb/.m2/repository/org/apache/lucene/lucene-spatial3d/8.8.0/lucene-spatial3d-8.8.0.jar:/home/daciosb/.m2/repository/org/apache/lucene/lucene-suggest/8.8.0/lucene-suggest-8.8.0.jar:/home/daciosb/.m2/repository/org/elasticsearch/elasticsearch-cli/7.12.0/elasticsearch-cli-7.12.0.jar:/home/daciosb/.m2/repository/net/sf/jopt-simple/jopt-simple/5.0.2/jopt-simple-5.0.2.jar:/home/daciosb/.m2/repository/com/carrotsearch/hppc/0.8.1/hppc-0.8.1.jar:/home/daciosb/.m2/repository/joda-time/joda-time/2.10.4/joda-time-2.10.4.jar:/home/daciosb/.m2/repository/com/tdunning/t-digest/3.2/t-digest-3.2.jar:/home/daciosb/.m2/repository/org/hdrhistogram/HdrHistogram/2.1.9/HdrHistogram-2.1.9.jar:/home/daciosb/.m2/repository/org/apache/logging/log4j/log4j-api/2.11.1/log4j-api-2.11.1.jar:/home/daciosb/.m2/repository/org/elasticsearch/jna/5.7.0-1/jna-5.7.0-1.jar:/home/daciosb/.m2/repository/org/elasticsearch/elasticsearch-plugin-classloader/7.12.0/elasticsearch-plugin-classloader-7.12.0.jar:/home/daciosb/.m2/repository/org/elasticsearch/client/elasticsearch-rest-high-level-client/7.12.0/elasticsearch-rest-high-level-client-7.12.0.jar:/home/daciosb/.m2/repository/org/elasticsearch/client/elasticsearch-rest-client/7.12.0/elasticsearch-rest-client-7.12.0.jar:/home/daciosb/.m2/repository/org/apache/httpcomponents/httpclient/4.5.10/httpclient-4.5.10.jar:/home/daciosb/.m2/repository/org/apache/httpcomponents/httpcore/4.4.12/httpcore-4.4.12.jar:/home/daciosb/.m2/repository/org/apache/httpcomponents/httpasyncclient/4.1.4/httpasyncclient-4.1.4.jar:/home/daciosb/.m2/repository/org/apache/httpcomponents/httpcore-nio/4.4.12/httpcore-nio-4.4.12.jar:/home/daciosb/.m2/repository/commons-codec/commons-codec/1.11/commons-codec-1.11.jar:/home/daciosb/.m2/repository/commons-logging/commons-logging/1.1.3/commons-logging-1.1.3.jar:/home/daciosb/.m2/repository/org/elasticsearch/plugin/mapper-extras-client/7.12.0/mapper-extras-client-7.12.0.jar:/home/daciosb/.m2/repository/org/elasticsearch/plugin/parent-join-client/7.12.0/parent-join-client-7.12.0.jar:/home/daciosb/.m2/repository/org/elasticsearch/plugin/aggs-matrix-stats-client/7.12.0/aggs-matrix-stats-client-7.12.0.jar:/home/daciosb/.m2/repository/org/elasticsearch/plugin/rank-eval-client/7.12.0/rank-eval-client-7.12.0.jar:/home/daciosb/.m2/repository/org/elasticsearch/plugin/lang-mustache-client/7.12.0/lang-mustache-client-7.12.0.jar:/home/daciosb/.m2/repository/com/github/spullara/mustache/java/compiler/0.9.6/compiler-0.9.6.jar:/home/daciosb/.m2/repository/com/h2database/h2/1.4.200/h2-1.4.200.jar:"/>
    <property name="java.vm.vendor" value="AdoptOpenJDK"/>
    <property name="sun.arch.data.model" value="64"/>
    <property name="java.vendor.url" value="https://adoptopenjdk.net/"/>
    <property name="user.timezone" value=""/>
    <property name="java.vm.specification.version" value="11"/>
    <property name="os.name" value="Linux"/>
    <property name="sun.java.launcher" value="SUN_STANDARD"/>
    <property name="sun.boot.library.path" value="/home/daciosb/.sdkman/candidates/java/11.0.10.hs-adpt/lib"/>
    <property name="sun.java.command" value="/mnt/c/Users/lowva/Documents/variosnadas/senseup/poc/elastic/target/surefire/surefirebooter897711824313877534.jar /mnt/c/Users/lowva/Documents/variosnadas/senseup/poc/elastic/target/surefire 2021-05-12T18-23-53_491-jvmRun1 surefire7875845779266278137tmp surefire_011002310422558352256tmp"/>
    <property name="jdk.debug" value="release"/>
    <property name="surefire.test.class.path" value="/mnt/c/Users/lowva/Documents/variosnadas/senseup/poc/elastic/target/test-classes:/mnt/c/Users/lowva/Documents/variosnadas/senseup/poc/elastic/target/classes:/home/daciosb/.m2/repository/junit/junit/4.11/junit-4.11.jar:/home/daciosb/.m2/repository/org/hamcrest/hamcrest-core/1.3/hamcrest-core-1.3.jar:/home/daciosb/.m2/repository/org/elasticsearch/elasticsearch/7.12.0/elasticsearch-7.12.0.jar:/home/daciosb/.m2/repository/org/elasticsearch/elasticsearch-core/7.12.0/elasticsearch-core-7.12.0.jar:/home/daciosb/.m2/repository/org/elasticsearch/elasticsearch-secure-sm/7.12.0/elasticsearch-secure-sm-7.12.0.jar:/home/daciosb/.m2/repository/org/elasticsearch/elasticsearch-x-content/7.12.0/elasticsearch-x-content-7.12.0.jar:/home/daciosb/.m2/repository/org/yaml/snakeyaml/1.26/snakeyaml-1.26.jar:/home/daciosb/.m2/repository/com/fasterxml/jackson/core/jackson-core/2.10.4/jackson-core-2.10.4.jar:/home/daciosb/.m2/repository/com/fasterxml/jackson/dataformat/jackson-dataformat-smile/2.10.4/jackson-dataformat-smile-2.10.4.jar:/home/daciosb/.m2/repository/com/fasterxml/jackson/dataformat/jackson-dataformat-yaml/2.10.4/jackson-dataformat-yaml-2.10.4.jar:/home/daciosb/.m2/repository/com/fasterxml/jackson/dataformat/jackson-dataformat-cbor/2.10.4/jackson-dataformat-cbor-2.10.4.jar:/home/daciosb/.m2/repository/org/elasticsearch/elasticsearch-geo/7.12.0/elasticsearch-geo-7.12.0.jar:/home/daciosb/.m2/repository/org/apache/lucene/lucene-core/8.8.0/lucene-core-8.8.0.jar:/home/daciosb/.m2/repository/org/apache/lucene/lucene-analyzers-common/8.8.0/lucene-analyzers-common-8.8.0.jar:/home/daciosb/.m2/repository/org/apache/lucene/lucene-backward-codecs/8.8.0/lucene-backward-codecs-8.8.0.jar:/home/daciosb/.m2/repository/org/apache/lucene/lucene-grouping/8.8.0/lucene-grouping-8.8.0.jar:/home/daciosb/.m2/repository/org/apache/lucene/lucene-highlighter/8.8.0/lucene-highlighter-8.8.0.jar:/home/daciosb/.m2/repository/org/apache/lucene/lucene-join/8.8.0/lucene-join-8.8.0.jar:/home/daciosb/.m2/repository/org/apache/lucene/lucene-memory/8.8.0/lucene-memory-8.8.0.jar:/home/daciosb/.m2/repository/org/apache/lucene/lucene-misc/8.8.0/lucene-misc-8.8.0.jar:/home/daciosb/.m2/repository/org/apache/lucene/lucene-queries/8.8.0/lucene-queries-8.8.0.jar:/home/daciosb/.m2/repository/org/apache/lucene/lucene-queryparser/8.8.0/lucene-queryparser-8.8.0.jar:/home/daciosb/.m2/repository/org/apache/lucene/lucene-sandbox/8.8.0/lucene-sandbox-8.8.0.jar:/home/daciosb/.m2/repository/org/apache/lucene/lucene-spatial-extras/8.8.0/lucene-spatial-extras-8.8.0.jar:/home/daciosb/.m2/repository/org/apache/lucene/lucene-spatial3d/8.8.0/lucene-spatial3d-8.8.0.jar:/home/daciosb/.m2/repository/org/apache/lucene/lucene-suggest/8.8.0/lucene-suggest-8.8.0.jar:/home/daciosb/.m2/repository/org/elasticsearch/elasticsearch-cli/7.12.0/elasticsearch-cli-7.12.0.jar:/home/daciosb/.m2/repository/net/sf/jopt-simple/jopt-simple/5.0.2/jopt-simple-5.0.2.jar:/home/daciosb/.m2/repository/com/carrotsearch/hppc/0.8.1/hppc-0.8.1.jar:/home/daciosb/.m2/repository/joda-time/joda-time/2.10.4/joda-time-2.10.4.jar:/home/daciosb/.m2/repository/com/tdunning/t-digest/3.2/t-digest-3.2.jar:/home/daciosb/.m2/repository/org/hdrhistogram/HdrHistogram/2.1.9/HdrHistogram-2.1.9.jar:/home/daciosb/.m2/repository/org/apache/logging/log4j/log4j-api/2.11.1/log4j-api-2.11.1.jar:/home/daciosb/.m2/repository/org/elasticsearch/jna/5.7.0-1/jna-5.7.0-1.jar:/home/daciosb/.m2/repository/org/elasticsearch/elasticsearch-plugin-classloader/7.12.0/elasticsearch-plugin-classloader-7.12.0.jar:/home/daciosb/.m2/repository/org/elasticsearch/client/elasticsearch-rest-high-level-client/7.12.0/elasticsearch-rest-high-level-client-7.12.0.jar:/home/daciosb/.m2/repository/org/elasticsearch/client/elasticsearch-rest-client/7.12.0/elasticsearch-rest-client-7.12.0.jar:/home/daciosb/.m2/repository/org/apache/httpcomponents/httpclient/4.5.10/httpclient-4.5.10.jar:/home/daciosb/.m2/repository/org/apache/httpcomponents/httpcore/4.4.12/httpcore-4.4.12.jar:/home/daciosb/.m2/repository/org/apache/httpcomponents/httpasyncclient/4.1.4/httpasyncclient-4.1.4.jar:/home/daciosb/.m2/repository/org/apache/httpcomponents/httpcore-nio/4.4.12/httpcore-nio-4.4.12.jar:/home/daciosb/.m2/repository/commons-codec/commons-codec/1.11/commons-codec-1.11.jar:/home/daciosb/.m2/repository/commons-logging/commons-logging/1.1.3/commons-logging-1.1.3.jar:/home/daciosb/.m2/repository/org/elasticsearch/plugin/mapper-extras-client/7.12.0/mapper-extras-client-7.12.0.jar:/home/daciosb/.m2/repository/org/elasticsearch/plugin/parent-join-client/7.12.0/parent-join-client-7.12.0.jar:/home/daciosb/.m2/repository/org/elasticsearch/plugin/aggs-matrix-stats-client/7.12.0/aggs-matrix-stats-client-7.12.0.jar:/home/daciosb/.m2/repository/org/elasticsearch/plugin/rank-eval-client/7.12.0/rank-eval-client-7.12.0.jar:/home/daciosb/.m2/repository/org/elasticsearch/plugin/lang-mustache-client/7.12.0/lang-mustache-client-7.12.0.jar:/home/daciosb/.m2/repository/com/github/spullara/mustache/java/compiler/0.9.6/compiler-0.9.6.jar:/home/daciosb/.m2/repository/com/h2database/h2/1.4.200/h2-1.4.200.jar:"/>
    <property name="sun.cpu.endian" value="little"/>
    <property name="user.home" value="/home/daciosb"/>
    <property name="user.language" value="en"/>
    <property name="java.specification.vendor" value="Oracle Corporation"/>
    <property name="java.version.date" value="2021-01-19"/>
    <property name="java.home" value="/home/daciosb/.sdkman/candidates/java/11.0.10.hs-adpt"/>
    <property name="file.separator" value="/"/>
    <property name="basedir" value="/mnt/c/Users/lowva/Documents/variosnadas/senseup/poc/elastic"/>
    <property name="java.vm.compressedOopsMode" value="32-bit"/>
    <property name="line.separator" value="&#10;"/>
    <property name="java.specification.name" value="Java Platform API Specification"/>
    <property name="java.vm.specification.vendor" value="Oracle Corporation"/>
    <property name="java.awt.graphicsenv" value="sun.awt.X11GraphicsEnvironment"/>
    <property name="surefire.real.class.path" value="/mnt/c/Users/lowva/Documents/variosnadas/senseup/poc/elastic/target/surefire/surefirebooter897711824313877534.jar"/>
    <property name="sun.management.compiler" value="HotSpot 64-Bit Tiered Compilers"/>
    <property name="java.runtime.version" value="11.0.10+9"/>
    <property name="user.name" value="daciosb"/>
    <property name="path.separator" value=":"/>
    <property name="os.version" value="5.4.72-microsoft-standard-WSL2"/>
    <property name="java.runtime.name" value="OpenJDK Runtime Environment"/>
    <property name="file.encoding" value="UTF-8"/>
    <property name="java.vm.name" value="OpenJDK 64-Bit Server VM"/>
    <property name="java.vendor.version" value="AdoptOpenJDK"/>
    <property name="localRepository" value="/home/daciosb/.m2/repository"/>
    <property name="java.vendor.url.bug" value="https://github.com/AdoptOpenJDK/openjdk-support/issues"/>
    <property name="java.io.tmpdir" value="/tmp"/>
    <property name="java.version" value="11.0.10"/>
    <property name="user.dir" value="/mnt/c/Users/lowva/Documents/variosnadas/senseup/poc/elastic"/>
    <property name="os.arch" value="amd64"/>
    <property name="java.vm.specification.name" value="Java Virtual Machine Specification"/>
    <property name="java.awt.printerjob" value="sun.print.PSPrinterJob"/>
    <property name="sun.os.patch.level" value="unknown"/>
    <property name="java.library.path" value="/usr/java/packages/lib:/usr/lib64:/lib64:/lib:/usr/lib"/>
    <property name="java.vm.info" value="mixed mode"/>
    <property name="java.vendor" value="AdoptOpenJDK"/>
    <property name="java.vm.version" value="11.0.10+9"/>
    <property name="sun.io.unicode.encoding" value="UnicodeLittle"/>
    <property name="java.class.version" value="55.0"/>
  </properties>
  <testcase name="shouldAnswerWithTrue" classname="com.elastic.poc.AppTest" time="0.057"/>
</testsuite>